<?xml version="1.0" encoding="UTF-8"?>
<!-- Generated by org.testng.reporters.JUnitReportReporter -->
<testsuite hostname="LAPTOP-GCEPLDKO" failures="0" tests="1" name="TeesstRunner.TestttRunnerr" time="33.003" errors="0" timestamp="2021-06-29T20:05:11 PDT" skipped="0">
  <testcase classname="TeesstRunner.TestttRunnerr" name="feature" time="33.003"/>
  <system-out/>
</testsuite> <!-- TeesstRunner.TestttRunnerr -->
