<?xml version="1.0" encoding="UTF-8"?>
<!-- Generated by org.testng.reporters.JUnitReportReporter -->
<testsuite hostname="LAPTOP-GCEPLDKO" failures="0" tests="1" name="TeesstRunner.TestttRunnerr" time="32.904" errors="0" timestamp="2021-08-04T13:14:27 PDT" skipped="0">
  <testcase classname="TeesstRunner.TestttRunnerr" name="feature" time="32.904"/>
  <system-out/>
</testsuite> <!-- TeesstRunner.TestttRunnerr -->
